Cannot read Product and Edition
No JNI Library 8
java.lang.NullPointerException
at v.dra.browserClosed(:147)
at com.borland.primetime.ide.Browser.fireBrowserClosed(Unknown Source)
at com.borland.primetime.ide.Browser$0.windowClosed(Unknown Source)
at java.awt.AWTEventMulticaster.windowClosed(AWTEventMulticaster.java:301)
at java.awt.Window.processWindowEvent(Window.java:1124)
at javax.swing.JFrame.processWindowEvent(JFrame.java:266)
at java.awt.Window.processEvent(Window.java:1079)
at java.awt.Component.dispatchEventImpl(Component.java:3615)
at java.awt.Container.dispatchEventImpl(Container.java:1627)
at java.awt.Window.dispatchEventImpl(Window.java:1606)
at java.awt.Component.dispatchEvent(Component.java:3477)
at java.awt.EventQueue.dispatchEvent(EventQueue.java:456)
at java.awt.EventDispatchThread.pumpOneEventForHierarchy(EventDispatchThread.java:201)
at java.awt.EventDispatchThread.pumpEventsForHierarchy(EventDispatchThread.java:151)
at java.awt.EventDispatchThread.pumpEvents(EventDispatchThread.java:145)
at java.awt.EventDispatchThread.pumpEvents(EventDispatchThread.java:137)
at java.awt.EventDispatchThread.run(EventDispatchThread.java:100)
Cannot read Product and Edition
No JNI Library 8
java.lang.NullPointerException
at v.dra.browserClosed(:147)
at com.borland.primetime.ide.Browser.fireBrowserClosed(Unknown Source)
at com.borland.primetime.ide.Browser$0.windowClosed(Unknown Source)
at java.awt.Window.processWindowEvent(Window.java:1124)
at javax.swing.JFrame.processWindowEvent(JFrame.java:266)
at java.awt.Window.processEvent(Window.java:1079)
at java.awt.Component.dispatchEventImpl(Component.java:3615)
at java.awt.Container.dispatchEventImpl(Container.java:1627)
at java.awt.Window.dispatchEventImpl(Window.java:1606)
at java.awt.Component.dispatchEvent(Component.java:3477)
at java.awt.EventQueue.dispatchEvent(EventQueue.java:456)
at java.awt.EventDispatchThread.pumpOneEventForHierarchy(EventDispatchThread.java:201)
at java.awt.EventDispatchThread.pumpEventsForHierarchy(EventDispatchThread.java:151)
at java.awt.EventDispatchThread.pumpEvents(EventDispatchThread.java:145)
at java.awt.EventDispatchThread.pumpEvents(EventDispatchThread.java:137)
at java.awt.EventDispatchThread.run(EventDispatchThread.java:100)
